2025-08-07 16:22:43 0 [Note] Starting MariaDB 10.4.32-MariaDB source revision c4143f909528e3fab0677a28631d10389354c491 as process 3236
2025-08-07 16:22:43 0 [Note] InnoDB: Mutexes and rw_locks use Windows interlocked functions
2025-08-07 16:22:43 0 [Note] InnoDB: Uses event mutexes
2025-08-07 16:22:43 0 [Note] InnoDB: Compressed tables use zlib 1.3
2025-08-07 16:22:43 0 [Note] InnoDB: Number of pools: 1
2025-08-07 16:22:43 0 [Note] InnoDB: Using SSE2 crc32 instructions
2025-08-07 16:22:43 0 [Note] InnoDB: Initializing buffer pool, total size = 16M, instances = 1, chunk size = 16M
2025-08-07 16:22:43 0 [Note] InnoDB: Completed initialization of buffer pool
2025-08-07 16:22:43 0 [Note] InnoDB: Starting crash recovery from checkpoint LSN=300288
2025-08-07 16:22:43 0 [Note] InnoDB: 128 out of 128 rollback segments are active.
2025-08-07 16:22:43 0 [Note] InnoDB: Removed temporary tablespace data file: "ibtmp1"
2025-08-07 16:22:43 0 [Note] InnoDB: Creating shared tablespace for temporary tables
2025-08-07 16:22:43 0 [Note] InnoDB: Setting file 'C:\Users\Veeramanikandan\OneDrive\Desktop\VMK\Projects\MainFlow-Intern\Form using PHP and MySQL\mysql\data\ibtmp1' size to 12 MB. Physically writing the file full; Please wait ...
2025-08-07 16:22:43 0 [Note] InnoDB: File 'C:\Users\Veeramanikandan\OneDrive\Desktop\VMK\Projects\MainFlow-Intern\Form using PHP and MySQL\mysql\data\ibtmp1' size is now 12 MB.
2025-08-07 16:22:43 0 [Note] InnoDB: Waiting for purge to start
2025-08-07 16:22:43 0 [Note] InnoDB: 10.4.32 started; log sequence number 300297; transaction id 170
2025-08-07 16:22:43 0 [Note] InnoDB: Loading buffer pool(s) from C:\Users\Veeramanikandan\OneDrive\Desktop\VMK\Projects\MainFlow-Intern\Form using PHP and MySQL\mysql\data\ib_buffer_pool
2025-08-07 16:22:43 0 [Note] Plugin 'FEEDBACK' is disabled.
2025-08-07 16:22:43 0 [Note] InnoDB: Buffer pool(s) load completed at 250807 16:22:43
2025-08-07 16:22:43 0 [Note] Server socket created on IP: '::'.
2025-08-07 16:22:43 0 [ERROR] Can't start server: Bind on TCP/IP port. Got error: 10048: Only one usage of each socket address (protocol/network address/port) is normally permitted.

2025-08-07 16:22:43 0 [ERROR] Do you already have another mysqld server running on port: 3306 ?
2025-08-07 16:22:43 0 [ERROR] Aborting
2025-08-07 16:24:15 0 [Note] Starting MariaDB 10.4.32-MariaDB source revision c4143f909528e3fab0677a28631d10389354c491 as process 8228
2025-08-07 16:24:15 0 [Note] InnoDB: Mutexes and rw_locks use Windows interlocked functions
2025-08-07 16:24:15 0 [Note] InnoDB: Uses event mutexes
2025-08-07 16:24:15 0 [Note] InnoDB: Compressed tables use zlib 1.3
2025-08-07 16:24:15 0 [Note] InnoDB: Number of pools: 1
2025-08-07 16:24:15 0 [Note] InnoDB: Using SSE2 crc32 instructions
2025-08-07 16:24:15 0 [Note] InnoDB: Initializing buffer pool, total size = 16M, instances = 1, chunk size = 16M
2025-08-07 16:24:15 0 [Note] InnoDB: Completed initialization of buffer pool
2025-08-07 16:24:15 0 [Note] InnoDB: 128 out of 128 rollback segments are active.
2025-08-07 16:24:15 0 [Note] InnoDB: Creating shared tablespace for temporary tables
2025-08-07 16:24:15 0 [Note] InnoDB: Setting file 'C:\Users\Veeramanikandan\OneDrive\Desktop\VMK\Projects\MainFlow-Intern\Form using PHP and MySQL\mysql\data\ibtmp1' size to 12 MB. Physically writing the file full; Please wait ...
2025-08-07 16:24:15 0 [Note] InnoDB: File 'C:\Users\Veeramanikandan\OneDrive\Desktop\VMK\Projects\MainFlow-Intern\Form using PHP and MySQL\mysql\data\ibtmp1' size is now 12 MB.
2025-08-07 16:24:15 0 [Note] InnoDB: Waiting for purge to start
2025-08-07 16:24:15 0 [Note] InnoDB: 10.4.32 started; log sequence number 300306; transaction id 170
2025-08-07 16:24:15 0 [Note] InnoDB: Loading buffer pool(s) from C:\Users\Veeramanikandan\OneDrive\Desktop\VMK\Projects\MainFlow-Intern\Form using PHP and MySQL\mysql\data\ib_buffer_pool
2025-08-07 16:24:15 0 [Note] Plugin 'FEEDBACK' is disabled.
2025-08-07 16:24:15 0 [Note] Server socket created on IP: '::'.
2025-08-08 11:01:23 0 [Note] Starting MariaDB 10.4.32-MariaDB source revision c4143f909528e3fab0677a28631d10389354c491 as process 3944
2025-08-08 11:01:23 0 [Note] InnoDB: Mutexes and rw_locks use Windows interlocked functions
2025-08-08 11:01:23 0 [Note] InnoDB: Uses event mutexes
2025-08-08 11:01:23 0 [Note] InnoDB: Compressed tables use zlib 1.3
2025-08-08 11:01:23 0 [Note] InnoDB: Number of pools: 1
2025-08-08 11:01:23 0 [Note] InnoDB: Using SSE2 crc32 instructions
2025-08-08 11:01:23 0 [Note] InnoDB: Initializing buffer pool, total size = 16M, instances = 1, chunk size = 16M
2025-08-08 11:01:23 0 [Note] InnoDB: Completed initialization of buffer pool
2025-08-08 11:01:23 0 [Note] InnoDB: Starting crash recovery from checkpoint LSN=300306
2025-08-08 11:01:24 0 [Note] InnoDB: 128 out of 128 rollback segments are active.
2025-08-08 11:01:24 0 [Note] InnoDB: Removed temporary tablespace data file: "ibtmp1"
2025-08-08 11:01:24 0 [Note] InnoDB: Creating shared tablespace for temporary tables
2025-08-08 11:01:24 0 [Note] InnoDB: Setting file 'C:\Users\Veeramanikandan\OneDrive\Desktop\VMK\Projects\MainFlow-Intern\Form using PHP and MySQL\mysql\data\ibtmp1' size to 12 MB. Physically writing the file full; Please wait ...
2025-08-08 11:01:24 0 [Note] InnoDB: File 'C:\Users\Veeramanikandan\OneDrive\Desktop\VMK\Projects\MainFlow-Intern\Form using PHP and MySQL\mysql\data\ibtmp1' size is now 12 MB.
2025-08-08 11:01:24 0 [Note] InnoDB: Waiting for purge to start
2025-08-08 11:01:24 0 [Note] InnoDB: 10.4.32 started; log sequence number 300315; transaction id 170
2025-08-08 11:01:24 0 [Note] InnoDB: Loading buffer pool(s) from C:\Users\Veeramanikandan\OneDrive\Desktop\VMK\Projects\MainFlow-Intern\Form using PHP and MySQL\mysql\data\ib_buffer_pool
2025-08-08 11:01:24 0 [Note] Plugin 'FEEDBACK' is disabled.
2025-08-08 11:01:24 0 [Note] InnoDB: Buffer pool(s) load completed at 250808 11:01:24
2025-08-08 11:01:24 0 [Note] Server socket created on IP: '::'.
2025-08-08 11:01:24 0 [Note] Reading of all Master_info entries succeeded
2025-08-08 11:01:24 0 [Note] Added new Master_info '' to hash table
2025-08-08 11:01:24 0 [Note] mysql\bin\mysqld.exe: ready for connections.
Version: '10.4.32-MariaDB'  socket: ''  port: 3306  mariadb.org binary distribution
2025-08-08 18:03:24 0 [Note] Starting MariaDB 10.4.32-MariaDB source revision c4143f909528e3fab0677a28631d10389354c491 as process 7424
2025-08-08 18:03:24 0 [Note] InnoDB: Mutexes and rw_locks use Windows interlocked functions
2025-08-08 18:03:24 0 [Note] InnoDB: Uses event mutexes
2025-08-08 18:03:24 0 [Note] InnoDB: Compressed tables use zlib 1.3
2025-08-08 18:03:24 0 [Note] InnoDB: Number of pools: 1
2025-08-08 18:03:24 0 [Note] InnoDB: Using SSE2 crc32 instructions
2025-08-08 18:03:24 0 [Note] InnoDB: Initializing buffer pool, total size = 16M, instances = 1, chunk size = 16M
2025-08-08 18:03:24 0 [Note] InnoDB: Completed initialization of buffer pool
2025-08-08 18:03:24 0 [Note] InnoDB: Starting crash recovery from checkpoint LSN=300324
2025-08-08 18:03:24 0 [Note] InnoDB: 128 out of 128 rollback segments are active.
2025-08-08 18:03:24 0 [Note] InnoDB: Removed temporary tablespace data file: "ibtmp1"
2025-08-08 18:03:24 0 [Note] InnoDB: Creating shared tablespace for temporary tables
2025-08-08 18:03:24 0 [Note] InnoDB: Setting file 'C:\Users\Veeramanikandan\OneDrive\Desktop\VMK\Projects\MainFlow-Intern\Form using PHP and MySQL\mysql\data\ibtmp1' size to 12 MB. Physically writing the file full; Please wait ...
2025-08-08 18:03:24 0 [Note] InnoDB: File 'C:\Users\Veeramanikandan\OneDrive\Desktop\VMK\Projects\MainFlow-Intern\Form using PHP and MySQL\mysql\data\ibtmp1' size is now 12 MB.
2025-08-08 18:03:24 0 [Note] InnoDB: Waiting for purge to start
2025-08-08 18:03:24 0 [Note] InnoDB: 10.4.32 started; log sequence number 300333; transaction id 170
2025-08-08 18:03:24 0 [Note] InnoDB: Loading buffer pool(s) from C:\Users\Veeramanikandan\OneDrive\Desktop\VMK\Projects\MainFlow-Intern\Form using PHP and MySQL\mysql\data\ib_buffer_pool
2025-08-08 18:03:24 0 [Note] Plugin 'FEEDBACK' is disabled.
2025-08-08 18:03:24 0 [Note] InnoDB: Buffer pool(s) load completed at 250808 18:03:24
2025-08-08 18:03:24 0 [Note] Server socket created on IP: '::'.
2025-08-08 19:47:40 0 [Note] Starting MariaDB 10.4.32-MariaDB source revision c4143f909528e3fab0677a28631d10389354c491 as process 13716
2025-08-08 19:47:40 0 [Note] InnoDB: Mutexes and rw_locks use Windows interlocked functions
2025-08-08 19:47:40 0 [Note] InnoDB: Uses event mutexes
2025-08-08 19:47:40 0 [Note] InnoDB: Compressed tables use zlib 1.3
2025-08-08 19:47:40 0 [Note] InnoDB: Number of pools: 1
2025-08-08 19:47:40 0 [Note] InnoDB: Using SSE2 crc32 instructions
2025-08-08 19:47:40 0 [Note] InnoDB: Initializing buffer pool, total size = 16M, instances = 1, chunk size = 16M
2025-08-08 19:47:40 0 [Note] InnoDB: Completed initialization of buffer pool
2025-08-08 19:47:40 0 [Note] InnoDB: Starting crash recovery from checkpoint LSN=320609
2025-08-08 19:47:40 0 [Note] InnoDB: 128 out of 128 rollback segments are active.
2025-08-08 19:47:40 0 [Note] InnoDB: Removed temporary tablespace data file: "ibtmp1"
2025-08-08 19:47:40 0 [Note] InnoDB: Creating shared tablespace for temporary tables
2025-08-08 19:47:40 0 [Note] InnoDB: Setting file 'C:\Users\Veeramanikandan\OneDrive\Desktop\VMK\Projects\MainFlow-Intern\Form using PHP and MySQL\mysql\data\ibtmp1' size to 12 MB. Physically writing the file full; Please wait ...
2025-08-08 19:47:40 0 [Note] InnoDB: File 'C:\Users\Veeramanikandan\OneDrive\Desktop\VMK\Projects\MainFlow-Intern\Form using PHP and MySQL\mysql\data\ibtmp1' size is now 12 MB.
2025-08-08 19:47:40 0 [Note] InnoDB: Waiting for purge to start
2025-08-08 19:47:40 0 [Note] InnoDB: 10.4.32 started; log sequence number 320618; transaction id 249
2025-08-08 19:47:40 0 [Note] InnoDB: Loading buffer pool(s) from C:\Users\Veeramanikandan\OneDrive\Desktop\VMK\Projects\MainFlow-Intern\Form using PHP and MySQL\mysql\data\ib_buffer_pool
2025-08-08 19:47:40 0 [Note] Plugin 'FEEDBACK' is disabled.
2025-08-08 19:47:40 0 [Note] Server socket created on IP: '::'.
2025-08-08 19:47:40 0 [Note] InnoDB: Buffer pool(s) load completed at 250808 19:47:40
